ERROR:root:An error occurred: 'ParsedResults'
ERROR:root:An error occurred: 'ParsedResults'
ERROR:root:An error occurred: list index out of range
ERROR:root:An error occurred: list index out of range
ERROR:root:Unsupported file extension: .docx
ERROR:root:Unsupported file extension: .txt

ERROR:root:Input file not found: C:/Users/mabrouk/culturalheritage/InputData/Sample lists Campania and Lazio 2 November 18/Campania and Lazio short list/Campania and Lazio short lists combined.pdf
ERROR:root:Input file not found: C:\Users\mabrouk\culturalheritage\InputData\Sample lists Campania and Lazio 2 November 18\Campania and Lazio short list\Campania and Lazio short lists combined.pdf
ERROR:root:Unsupported file extension: 
ERROR:root:Unsupported file extension: 
ERROR:root:Unsupported file extension: 
ERROR:root:Input file not found: C:/Users/mabrouk/culturalheritage/InputData/Sample lists Campania and Lazio 2 November 18/Campania and Lazio short list/Campania and Lazio short lists combined.pdf
ERROR:root:Input file not found: C:/Users/mabrouk/Downloads/Campania and Lazio short lists combined_compressed.pdf
ERROR:root:Input file not found: C:/Users/mabrouk/Downloads/Campania and Lazio short lists combined_compressed.pdf
ERROR:root:Input file not found: C:/Users/mabrouk/Downloads/Campania and Lazio short lists combined_compressed.pdf
ERROR:root:Input file not found: C:/Users/mabrouk/culturalheritage/InputData/Sample lists Campania and Lazio 2 November 18/Campania and Lazio short list/Campania and Lazio short lists combined.pdf
ERROR:root:Input file not found: C:/Users/mabrouk/culturalheritage/InputData/Sample lists Campania and Lazio 2 November 18/Campania and Lazio short list/Campania and Lazio short lists combined_compressed.pdf
ERROR:root:Unsupported file extension: 
ERROR:root:Unsupported file extension: 
ERROR:root:Input file not found: C:/Users/mabrouk/culturalheritage/InputData/Sample lists Campania and Lazio 2 November 18/Campania and Lazio short list/Campania and Lazio short lists combined_compressed.pdf
ERROR:root:Input file not found: C:/Users/mabrouk/culturalheritage/InputData/Sample lists Campania and Lazio 2 November 18/Campania and Lazio short list/Campania and Lazio short lists combined_compressed.pdf
ERROR:root:Input file not found: C:/Campania and Lazio short lists combined_compressed.pdf
ERROR:root:Input file not found: C:/testtest.pdf
ERROR:root:Unsupported file extension: .txt
ERROR:root:Unsupported file extension: .txt
ERROR:root:Unsupported file extension: .txt
ERROR:root:Unsupported file extension: .txt
ERROR:root:Unsupported file extension: .txt
ERROR:root:Unsupported file extension: .txt
ERROR:root:Input file not found: C:\Users\mabrouk\Pictures\Screenshots\Capture d'écran 2024-12-11 151927.png
ERROR:root:Input file not found: C:\Users\mabrouk\Pictures\Screenshots\Capture d'écran 2024-12-11 151927.png
ERROR:root:Unsupported file extension: .txt
ERROR:root:Unsupported file extension: .txt
ERROR:root:Unsupported file extension: .txt
